<?xml version="1.0" encoding="utf-8"?><testsuites name="pytest tests"><testsuite name="pytest" errors="0" failures="0" skipped="0" tests="24" time="9.691" timestamp="2026-08-20T14:09:26.452662+00:00" hostname="agent-env-9e1f9a2f-b8b7-42e8-94a9-c8da3d2ddce2"><testcase classname="backend.tests.test_iter36_groups.TestGroupCRUD" name="test_create_group_response_shape_and_invite_code" time="0.752" /><testcase classname="backend.tests.test_iter36_groups.TestGroupCRUD" name="test_get_mine_contains_created" time="0.132" /><testcase classname="backend.tests.test_iter36_groups.TestGroupCRUD" name="test_get_detail_includes_members" time="0.137" /><testcase classname="backend.tests.test_iter36_groups.TestGroupCRUD" name="test_patch_admin_can_update" time="0.257" /><testcase classname="backend.tests.test_iter36_groups.TestGroupCRUD" name="test_patch_non_admin_forbidden" time="0.573" /><testcase classname="backend.tests.test_iter36_groups.TestGroupMembership" name="test_join_wrong_code_404" time="0.132" /><testcase classname="backend.tests.test_iter36_groups.TestGroupMembership" name="test_join_success" time="0.219" /><testcase classname="backend.tests.test_iter36_groups.TestGroupMembership" name="test_join_idempotent" time="0.160" /><testcase classname="backend.tests.test_iter36_groups.TestGroupMembership" name="test_non_admin_cannot_add_under_admin_policy" time="0.509" /><testcase classname="backend.tests.test_iter36_groups.TestGroupMembership" name="test_add_member_by_admin" time="0.159" /><testcase classname="backend.tests.test_iter36_groups.TestGroupMembership" name="test_add_unknown_user_404" time="0.152" /><testcase classname="backend.tests.test_iter36_groups.TestGroupMembership" name="test_admin_cannot_leave" time="0.167" /><testcase classname="backend.tests.test_iter36_groups.TestGroupMembership" name="test_non_admin_can_leave" time="0.435" /><testcase classname="backend.tests.test_iter36_groups.TestGroupMembership" name="test_admin_cannot_be_removed" time="0.208" /><testcase classname="backend.tests.test_iter36_groups.TestGroupMembership" name="test_admin_can_remove_member" time="0.310" /><testcase classname="backend.tests.test_iter36_groups.TestGroupCandidates" name="test_candidates_admin" time="0.193" /><testcase classname="backend.tests.test_iter36_groups.TestGroupCandidates" name="test_candidates_non_admin_under_admin_policy_empty" time="0.384" /><testcase classname="backend.tests.test_iter36_groups.TestGroupFeedLeaderboard" name="test_feed_returns_list" time="0.208" /><testcase classname="backend.tests.test_iter36_groups.TestGroupFeedLeaderboard" name="test_feed_forbidden_for_non_member" time="0.202" /><testcase classname="backend.tests.test_iter36_groups.TestGroupFeedLeaderboard" name="test_leaderboard_default_season_current_year" time="0.166" /><testcase classname="backend.tests.test_iter36_groups.TestGroupFeedLeaderboard" name="test_leaderboard_extrapolates_9hole" time="0.565" /><testcase classname="backend.tests.test_iter36_groups.TestGroupDelete" name="test_non_admin_delete_forbidden" time="0.146" /><testcase classname="backend.tests.test_iter36_groups.TestGroupDelete" name="test_admin_delete_and_404" time="0.423" /><testcase classname="backend.tests.test_iter36_groups.TestGroupPolicyAny" name="test_any_member_can_add" time="3.002" /></testsuite></testsuites>