<?xml version="1.0" encoding="utf-8"?><testsuites name="pytest tests"><testsuite name="pytest" errors="0" failures="0" skipped="0" tests="30" time="5.953" timestamp="2026-08-21T13:49:10.822496+00:00" hostname="agent-env-9e1f9a2f-b8b7-42e8-94a9-c8da3d2ddce2"><testcase classname="backend.tests.test_iter38_groups_feature.TestShareToGroup" name="test_create_round_with_group_id_requires_membership" time="1.618" /><testcase classname="backend.tests.test_iter38_groups_feature.TestShareToGroup" name="test_create_round_with_group_id_success" time="0.108" /><testcase classname="backend.tests.test_iter38_groups_feature.TestShareToGroup" name="test_group_feed_shows_it" time="0.096" /><testcase classname="backend.tests.test_iter38_groups_feature.TestShareToGroup" name="test_general_feed_excludes_it" time="0.081" /><testcase classname="backend.tests.test_iter38_groups_feature.TestShareToGroup" name="test_other_viewer_profile_excludes_it" time="0.221" /><testcase classname="backend.tests.test_iter38_groups_feature.TestShareToGroup" name="test_author_own_profile_includes_it" time="0.083" /><testcase classname="backend.tests.test_iter38_groups_feature.TestShareToGroup" name="test_non_member_gets_403_on_round_get" time="0.105" /><testcase classname="backend.tests.test_iter38_groups_feature.TestShareToGroup" name="test_non_member_gets_403_on_like" time="0.084" /><testcase classname="backend.tests.test_iter38_groups_feature.TestShareToGroup" name="test_non_member_gets_403_on_comments_get" time="0.104" /><testcase classname="backend.tests.test_iter38_groups_feature.TestShareToGroup" name="test_non_member_gets_403_on_comment_post" time="0.099" /><testcase classname="backend.tests.test_iter38_groups_feature.TestShareToGroup" name="test_member_can_view_and_like" time="0.075" /><testcase classname="backend.tests.test_iter38_groups_feature.TestShareToGroup" name="test_empty_group_feed_for_group_with_no_shared_posts" time="0.244" /><testcase classname="backend.tests.test_iter38_groups_feature.TestGroupInvites" name="test_invite_creates_pending_not_immediate_member" time="0.139" /><testcase classname="backend.tests.test_iter38_groups_feature.TestGroupInvites" name="test_duplicate_invite_returns_already_pending" time="0.075" /><testcase classname="backend.tests.test_iter38_groups_feature.TestGroupInvites" name="test_invitee_sees_notification" time="0.075" /><testcase classname="backend.tests.test_iter38_groups_feature.TestGroupInvites" name="test_accept_invite_adds_member" time="0.166" /><testcase classname="backend.tests.test_iter38_groups_feature.TestGroupInvites" name="test_inviter_notified_on_accept" time="0.089" /><testcase classname="backend.tests.test_iter38_groups_feature.TestGroupInvites" name="test_decline_flow" time="0.294" /><testcase classname="backend.tests.test_iter38_groups_feature.TestGroupInvites" name="test_inviter_notified_on_decline" time="0.080" /><testcase classname="backend.tests.test_iter38_groups_feature.TestPublicGroupsAndJoinRequests" name="test_patch_public_group_ids_filters_non_member_groups" time="0.076" /><testcase classname="backend.tests.test_iter38_groups_feature.TestPublicGroupsAndJoinRequests" name="test_public_group_ids_persist_after_reload" time="0.086" /><testcase classname="backend.tests.test_iter38_groups_feature.TestPublicGroupsAndJoinRequests" name="test_profile_shows_public_group" time="0.093" /><testcase classname="backend.tests.test_iter38_groups_feature.TestPublicGroupsAndJoinRequests" name="test_group_preview_non_member" time="0.086" /><testcase classname="backend.tests.test_iter38_groups_feature.TestPublicGroupsAndJoinRequests" name="test_request_to_join" time="0.091" /><testcase classname="backend.tests.test_iter38_groups_feature.TestPublicGroupsAndJoinRequests" name="test_preview_shows_pending_after_request" time="0.104" /><testcase classname="backend.tests.test_iter38_groups_feature.TestPublicGroupsAndJoinRequests" name="test_admin_notified_of_join_request" time="0.104" /><testcase classname="backend.tests.test_iter38_groups_feature.TestPublicGroupsAndJoinRequests" name="test_approve_join_request_adds_member" time="0.232" /><testcase classname="backend.tests.test_iter38_groups_feature.TestPublicGroupsAndJoinRequests" name="test_requester_notified_on_approve" time="0.087" /><testcase classname="backend.tests.test_iter38_groups_feature.TestPublicGroupsAndJoinRequests" name="test_deny_join_request_flow" time="0.896" /><testcase classname="backend.tests.test_iter38_groups_feature.TestPublicGroupsAndJoinRequests" name="test_already_member_cannot_request" time="0.151" /></testsuite></testsuites>