<?xml version="1.0" encoding="utf-8"?><testsuites name="pytest tests"><testsuite name="pytest" errors="0" failures="1" skipped="0" tests="20" time="8.793" timestamp="2026-08-20T13:09:26.581150+00:00" hostname="agent-env-9e1f9a2f-b8b7-42e8-94a9-c8da3d2ddce2"><testcase classname="backend.tests.test_iter32_course_edit_requests.TestAdminRoleGating" name="test_non_admin_pending_edits_403" time="0.750" /><testcase classname="backend.tests.test_iter32_course_edit_requests.TestAdminRoleGating" name="test_non_admin_approve_edit_403" time="0.142" /><testcase classname="backend.tests.test_iter32_course_edit_requests.TestAdminRoleGating" name="test_non_admin_reject_edit_403" time="0.151" /><testcase classname="backend.tests.test_iter32_course_edit_requests.TestSubmitNewCourse" name="test_submit_new_course" time="0.144" /><testcase classname="backend.tests.test_iter32_course_edit_requests.TestSubmitNewCourse" name="test_submissions_mine_shows_pending" time="0.139" /><testcase classname="backend.tests.test_iter32_course_edit_requests.TestEditRequestApprove" name="test_pick_verified_course" time="0.140" /><testcase classname="backend.tests.test_iter32_course_edit_requests.TestEditRequestApprove" name="test_submit_edit_request" time="0.161" /><testcase classname="backend.tests.test_iter32_course_edit_requests.TestEditRequestApprove" name="test_no_change_returns_400" time="0.177" /><testcase classname="backend.tests.test_iter32_course_edit_requests.TestEditRequestApprove" name="test_edit_requests_mine_shows_pending" time="0.166" /><testcase classname="backend.tests.test_iter32_course_edit_requests.TestEditRequestApprove" name="test_admin_sees_pending_edit" time="0.488" /><testcase classname="backend.tests.test_iter32_course_edit_requests.TestEditRequestApprove" name="test_admin_approve_edit" time="0.128" /><testcase classname="backend.tests.test_iter32_course_edit_requests.TestEditRequestApprove" name="test_course_updated_after_approve" time="1.760"><failure message="AssertionError: approved edit did not apply to course&#10;assert 'http://www.cimarrongolf.com/' == 'https://example.com/eca181'&#10;  &#10;  - https://example.com/eca181&#10;  + http://www.cimarrongolf.com/">backend/tests/test_iter32_course_edit_requests.py:169: in test_course_updated_after_approve
    assert r.json().get("website") == self.new_website, "approved edit did not apply to course"
E   AssertionError: approved edit did not apply to course
E   assert 'http://www.cimarrongolf.com/' == 'https://example.com/eca181'
E     
E     - https://example.com/eca181
E     + http://www.cimarrongolf.com/</failure></testcase><testcase classname="backend.tests.test_iter32_course_edit_requests.TestEditRequestApprove" name="test_notification_course_edit_approved" time="1.699" /><testcase classname="backend.tests.test_iter32_course_edit_requests.TestEditRequestApprove" name="test_approve_twice_400" time="0.151" /><testcase classname="backend.tests.test_iter32_course_edit_requests.TestEditRequestReject" name="test_pick_course_and_submit_edit" time="0.268" /><testcase classname="backend.tests.test_iter32_course_edit_requests.TestEditRequestReject" name="test_admin_reject_edit" time="0.133" /><testcase classname="backend.tests.test_iter32_course_edit_requests.TestEditRequestReject" name="test_notification_course_edit_rejected" time="1.690" /><testcase classname="backend.tests.test_iter32_course_edit_requests.TestEditRequestReject" name="test_edit_request_status_rejected" time="0.127" /><testcase classname="backend.tests.test_iter32_course_edit_requests.TestEdgeCases" name="test_edit_unknown_course_404" time="0.135" /><testcase classname="backend.tests.test_iter32_course_edit_requests.TestEdgeCases" name="test_approve_unknown_edit_404" time="0.126" /></testsuite></testsuites>