<?xml version="1.0" encoding="utf-8"?><testsuites name="pytest tests"><testsuite name="pytest" errors="0" failures="0" skipped="0" tests="24" time="2.880" timestamp="2026-08-20T15:21:23.501932+00:00" hostname="agent-env-9e1f9a2f-b8b7-42e8-94a9-c8da3d2ddce2"><testcase classname="backend.tests.test_iter37_messaging_groupchat.TestStartConversation" name="test_self_message_400" time="0.247" /><testcase classname="backend.tests.test_iter37_messaging_groupchat.TestStartConversation" name="test_unknown_user_404" time="0.003" /><testcase classname="backend.tests.test_iter37_messaging_groupchat.TestStartConversation" name="test_start_creates_conversation" time="0.205" /><testcase classname="backend.tests.test_iter37_messaging_groupchat.TestStartConversation" name="test_start_is_idempotent_resumes_same_thread" time="0.006" /><testcase classname="backend.tests.test_iter37_messaging_groupchat.TestDMMessagesAndNotifications" name="test_send_message_persists_and_updates_conversation" time="0.013" /><testcase classname="backend.tests.test_iter37_messaging_groupchat.TestDMMessagesAndNotifications" name="test_sender_does_not_see_own_message_as_unread" time="0.004" /><testcase classname="backend.tests.test_iter37_messaging_groupchat.TestDMMessagesAndNotifications" name="test_recipient_sees_unread_true_and_unread_count" time="0.005" /><testcase classname="backend.tests.test_iter37_messaging_groupchat.TestDMMessagesAndNotifications" name="test_mark_read_clears_unread" time="0.005" /><testcase classname="backend.tests.test_iter37_messaging_groupchat.TestDMMessagesAndNotifications" name="test_notification_triggered_for_recipient_only" time="1.012" /><testcase classname="backend.tests.test_iter37_messaging_groupchat.TestDMMessagesAndNotifications" name="test_empty_message_400" time="0.003" /><testcase classname="backend.tests.test_iter37_messaging_groupchat.TestDMMessagesAndNotifications" name="test_non_participant_404" time="0.203" /><testcase classname="backend.tests.test_iter37_messaging_groupchat.TestDMMessagesAndNotifications" name="test_pagination_limit_and_before" time="0.013" /><testcase classname="backend.tests.test_iter37_messaging_groupchat.TestDMMessagesAndNotifications" name="test_list_conversations_sorted_desc_by_last_message" time="0.011" /><testcase classname="backend.tests.test_iter37_messaging_groupchat.TestGroupChat" name="test_non_member_403_get_chat" time="0.006" /><testcase classname="backend.tests.test_iter37_messaging_groupchat.TestGroupChat" name="test_non_member_403_post_chat" time="0.002" /><testcase classname="backend.tests.test_iter37_messaging_groupchat.TestGroupChat" name="test_member_can_send_and_receive_with_sender_enrichment" time="0.005" /><testcase classname="backend.tests.test_iter37_messaging_groupchat.TestGroupChat" name="test_group_chat_message_emits_no_notification" time="1.012" /><testcase classname="backend.tests.test_iter37_messaging_groupchat.TestGroupChat" name="test_whitespace_only_group_message_400" time="0.003" /><testcase classname="backend.tests.test_iter37_messaging_groupchat.TestGroupChat" name="test_mark_group_chat_read" time="0.003" /><testcase classname="backend.tests.test_iter37_messaging_groupchat.TestGroupChat" name="test_mark_group_chat_read_non_member_403" time="0.004" /><testcase classname="backend.tests.test_iter37_messaging_groupchat.TestGroupSeasons" name="test_member_only_403" time="0.006" /><testcase classname="backend.tests.test_iter37_messaging_groupchat.TestGroupSeasons" name="test_seasons_includes_current_year" time="0.002" /><testcase classname="backend.tests.test_iter37_messaging_groupchat.TestGroupSeasons" name="test_leaderboard_with_season_param_still_works" time="0.003" /><testcase classname="backend.tests.test_iter37_messaging_groupchat.TestGroupSeasons" name="test_leaderboard_past_season_no_error" time="0.005" /></testsuite></testsuites>