<?xml version="1.0" encoding="utf-8"?><testsuites name="pytest tests"><testsuite name="pytest" errors="0" failures="0" skipped="0" tests="15" time="4.265" timestamp="2026-08-26T11:46:28.589515+00:00" hostname="agent-env-9e1f9a2f-b8b7-42e8-94a9-c8da3d2ddce2"><testcase classname="backend.tests.test_iter40_group_chat_reactions" name="test_send_message_includes_empty_reactions" time="1.225" /><testcase classname="backend.tests.test_iter40_group_chat_reactions" name="test_get_chat_includes_reactions_field" time="0.074" /><testcase classname="backend.tests.test_iter40_group_chat_reactions" name="test_react_add_then_toggle_remove" time="0.286" /><testcase classname="backend.tests.test_iter40_group_chat_reactions" name="test_disallowed_emoji_400" time="0.077" /><testcase classname="backend.tests.test_iter40_group_chat_reactions" name="test_non_member_403" time="0.484" /><testcase classname="backend.tests.test_iter40_group_chat_reactions" name="test_missing_message_404" time="0.074" /><testcase classname="backend.tests.test_iter40_group_chat_reactions" name="test_missing_group_404" time="0.095" /><testcase classname="backend.tests.test_iter40_group_chat_reactions" name="test_aggregate_multiple_users_and_emojis" time="0.516" /><testcase classname="backend.tests.test_iter40_group_chat_reactions" name="test_all_allowed_emojis_accepted[\U0001f44d]" time="0.158" /><testcase classname="backend.tests.test_iter40_group_chat_reactions" name="test_all_allowed_emojis_accepted[\u2764\ufe0f]" time="0.153" /><testcase classname="backend.tests.test_iter40_group_chat_reactions" name="test_all_allowed_emojis_accepted[\U0001f602]" time="0.192" /><testcase classname="backend.tests.test_iter40_group_chat_reactions" name="test_all_allowed_emojis_accepted[\U0001f62e]" time="0.149" /><testcase classname="backend.tests.test_iter40_group_chat_reactions" name="test_all_allowed_emojis_accepted[\U0001f525]" time="0.170" /><testcase classname="backend.tests.test_iter40_group_chat_reactions" name="test_all_allowed_emojis_accepted[\U0001f389]" time="0.306" /><testcase classname="backend.tests.test_iter40_group_chat_reactions" name="test_all_allowed_emojis_accepted[\u26f3]" time="0.224" /></testsuite></testsuites>