<?xml version="1.0" encoding="utf-8"?><testsuites name="pytest tests"><testsuite name="pytest" errors="0" failures="0" skipped="0" tests="7" time="6.918" timestamp="2026-08-20T13:16:39.003062+00:00" hostname="agent-env-9e1f9a2f-b8b7-42e8-94a9-c8da3d2ddce2"><testcase classname="backend.tests.test_iter34_edit_persistence_opengolf.TestEditPersistenceOnOpenGolfCourse" name="test_pick_opengolf_course" time="2.043" /><testcase classname="backend.tests.test_iter34_edit_persistence_opengolf.TestEditPersistenceOnOpenGolfCourse" name="test_submit_edit" time="0.138" /><testcase classname="backend.tests.test_iter34_edit_persistence_opengolf.TestEditPersistenceOnOpenGolfCourse" name="test_admin_approve" time="0.466" /><testcase classname="backend.tests.test_iter34_edit_persistence_opengolf.TestEditPersistenceOnOpenGolfCourse" name="test_first_get_after_approve_keeps_edit" time="0.133" /><testcase classname="backend.tests.test_iter34_edit_persistence_opengolf.TestEditPersistenceOnOpenGolfCourse" name="test_second_get_after_approve_keeps_edit" time="2.156" /><testcase classname="backend.tests.test_iter34_edit_persistence_opengolf.TestEditPersistenceOnOpenGolfCourse" name="test_third_get_after_search_cache_refresh" time="1.437" /><testcase classname="backend.tests.test_iter34_edit_persistence_opengolf.TestEditPersistenceOnOpenGolfCourse" name="test_manually_edited_fields_persisted" time="0.466" /></testsuite></testsuites>